<?xml version="1.0" encoding="UTF-8"?>
<testsuite name="com.telran.oscarLastVersion.tests.basket.CheckBasketViewTest" tests="1" skipped="0" failures="0" errors="0" timestamp="2023-02-10T16:37:02" hostname="iMac-ipaparazzi" time="2.62">
  <properties/>
  <testcase name="proceedToCheckoutBtnForNonLoggedUserTest" classname="com.telran.oscarLastVersion.tests.basket.CheckBasketViewTest" time="2.62"/>
  <system-out><![CDATA[]]></system-out>
  <system-err><![CDATA[Starting ChromeDriver 109.0.5414.74 (e7c5703604daa9cc128ccf5a5d3e993513758913-refs/branch-heads/5414@{#1172}) on port 16151
Only local connections are allowed.
Please see https://chromedriver.chromium.org/security-considerations for suggestions on keeping ChromeDriver safe.
ChromeDriver was started successfully.
февр. 10, 2023 5:36:59 PM org.openqa.selenium.remote.ProtocolHandshake createSession
INFO: Detected dialect: W3C
]]></system-err>
</testsuite>
