<?xml version="1.0" encoding="UTF-8"?>
<testsuite name="com.telran.oscarLastVersion.tests.product.ProductTests" tests="1" skipped="0" failures="0" errors="0" timestamp="2023-02-10T11:59:04" hostname="iMac-ipaparazzi" time="1.18">
  <properties/>
  <testcase name="compareTitleItemNameTest" classname="com.telran.oscarLastVersion.tests.product.ProductTests" time="1.18"/>
  <system-out><![CDATA[The shellcoder's handbook
The shellcoder's handbook
The shellcoder's handbook
]]></system-out>
  <system-err><![CDATA[Starting ChromeDriver 109.0.5414.74 (e7c5703604daa9cc128ccf5a5d3e993513758913-refs/branch-heads/5414@{#1172}) on port 31129
Only local connections are allowed.
Please see https://chromedriver.chromium.org/security-considerations for suggestions on keeping ChromeDriver safe.
ChromeDriver was started successfully.
февр. 10, 2023 12:59:01 PM org.openqa.selenium.remote.ProtocolHandshake createSession
INFO: Detected dialect: W3C
]]></system-err>
</testsuite>
