<?xml version="1.0" encoding="UTF-8"?>
<testsuite name="com.telran.oscarLastVersion.tests.product.AllProductsPageTests" tests="2" skipped="0" failures="0" errors="0" timestamp="2023-02-10T11:58:50" hostname="iMac-ipaparazzi" time="9.129">
  <properties/>
  <testcase name="addToBasketConfirmMessageTest" classname="com.telran.oscarLastVersion.tests.product.AllProductsPageTests" time="1.061"/>
  <testcase name="addToBasketTestBook" classname="com.telran.oscarLastVersion.tests.product.AllProductsPageTests" time="2.03"/>
  <system-out><![CDATA[]]></system-out>
  <system-err><![CDATA[Starting ChromeDriver 109.0.5414.74 (e7c5703604daa9cc128ccf5a5d3e993513758913-refs/branch-heads/5414@{#1172}) on port 5774
Only local connections are allowed.
Please see https://chromedriver.chromium.org/security-considerations for suggestions on keeping ChromeDriver safe.
ChromeDriver was started successfully.
февр. 10, 2023 12:58:46 PM org.openqa.selenium.remote.ProtocolHandshake createSession
INFO: Detected dialect: W3C
Starting ChromeDriver 109.0.5414.74 (e7c5703604daa9cc128ccf5a5d3e993513758913-refs/branch-heads/5414@{#1172}) on port 36764
Only local connections are allowed.
Please see https://chromedriver.chromium.org/security-considerations for suggestions on keeping ChromeDriver safe.
ChromeDriver was started successfully.
февр. 10, 2023 12:58:53 PM org.openqa.selenium.remote.ProtocolHandshake createSession
INFO: Detected dialect: W3C
]]></system-err>
</testsuite>
